[2021-11-18 07:44:04] local.ERROR: SQLSTATE[HY000] [2002] No se puede establecer una conexión ya que el equipo de destino denegó expresamente dicha conexión.
 (SQL: select * , count("codigo") as art from `articulos` where `oferta` = SI group by `grupo`) {"exception":"[object] (Illuminate\\Database\\QueryException(code: 2002): SQLSTATE[HY000] [2002] No se puede establecer una conexión ya que el equipo de destino denegó expresamente dicha conexión.
 (SQL: select * , count(\"codigo\") as art from `articulos` where `oferta` = SI group by `grupo`) at F:\\laragon\\www\\SunproPrivado\\vendor\\laravel\\framework\\src\\Illuminate\\Database\\Connection.php:1327, PDOException(code: 2002): SQLSTATE[HY000] [2002] No se puede establecer una conexión ya que el equipo de destino denegó expresamente dicha conexión.
 at F:\\laragon\\www\\SunproPrivado\\vendor\\laravel\\framework\\src\\Illuminate\\Database\\Connectors\\Connector.php:139)
[stacktrace]
#0 F:\\laragon\\www\\SunproPrivado\\vendor\\laravel\\framework\\src\\Illuminate\\Database\\Connection.php(1247): Illuminate\\Database\\Connection->runQueryCallback('select * , coun...', Array, Object(Closure))
#1 F:\\laragon\\www\\SunproPrivado\\vendor\\laravel\\framework\\src\\Illuminate\\Database\\Connection.php(665): Illuminate\\Database\\Connection->run('select * , coun...', Array, Object(Closure))
#2 F:\\laragon\\www\\SunproPrivado\\vendor\\laravel\\framework\\src\\Illuminate\\Database\\Query\\Builder.php(4259): Illuminate\\Database\\Connection->select('select * , coun...', Array, true)
#3 F:\\laragon\\www\\SunproPrivado\\vendor\\laravel\\framework\\src\\Illuminate\\Database\\Query\\Builder.php(4235): Illuminate\\Database\\Query\\Builder->runSelect()
#4 F:\\laragon\\www\\SunproPrivado\\vendor\\laravel\\framework\\src\\Illuminate\\Database\\Query\\Builder.php(5207): Illuminate\\Database\\Query\\Builder->Illuminate\\Database\\Query\\{closure}()
#5 F:\\laragon\\www\\SunproPrivado\\vendor\\laravel\\framework\\src\\Illuminate\\Database\\Query\\Builder.php(4237): Illuminate\\Database\\Query\\Builder->onceWithColumns(Array, Object(Closure))
#6 F:\\laragon\\www\\SunproPrivado\\vendor\\laravel\\framework\\src\\Illuminate\\Database\\Eloquent\\Builder.php(1041): Illuminate\\Database\\Query\\Builder->get(Array)
#7 F:\\laragon\\www\\SunproPrivado\\vendor\\laravel\\framework\\src\\Illuminate\\Database\\Eloquent\\Builder.php(1009): Illuminate\\Database\\Eloquent\\Builder->getModels(Array)
#8 F:\\laragon\\www\\SunproPrivado\\app\\Http\\Controllers\\FrontController.php(51): Illuminate\\Database\\Eloquent\\Builder->get()
#9 [internal function]: App\\Http\\Controllers\\FrontController->index()
#10 F:\\laragon\\www\\SunproPrivado\\vendor\\laravel\\framework\\src\\Illuminate\\Routing\\Controller.php(107): call_user_func_array(Array, Array)
#11 F:\\laragon\\www\\SunproPrivado\\vendor\\laravel\\framework\\src\\Illuminate\\Routing\\ControllerDispatcher.php(89): Illuminate\\Routing\\Controller->callAction('index', Array)
#12 F:\\laragon\\www\\SunproPrivado\\vendor\\laravel\\framework\\src\\Illuminate\\Routing\\Route.php(437): Illuminate\\Routing\\ControllerDispatcher->dispatch(Object(Illuminate\\Routing\\Route), Object(App\\Http\\Controllers\\FrontController), 'index')
#13 F:\\laragon\\www\\SunproPrivado\\vendor\\laravel\\framework\\src\\Illuminate\\Routing\\Route.php(351): Illuminate\\Routing\\Route->runController()
#14 F:\\laragon\\www\\SunproPrivado\\vendor\\laravel\\framework\\src\\Illuminate\\Routing\\Router.php(1359): Illuminate\\Routing\\Route->run()
#15 F:\\laragon\\www\\SunproPrivado\\vendor\\laravel\\framework\\src\\Illuminate\\Routing\\Pipeline.php(59): Illuminate\\Routing\\Router->Illuminate\\Routing\\{closure}(Object(Illuminate\\Http\\Request))
#16 F:\\laragon\\www\\SunproPrivado\\vendor\\laravel\\framework\\src\\Illuminate\\Routing\\Middleware\\SubstituteBindings.php(81): Illuminate\\Routing\\Pipeline->Illuminate\\Routing\\{closure}(Object(Illuminate\\Http\\Request))
#17 F:\\laragon\\www\\SunproPrivado\\vendor\\laravel\\framework\\src\\Illuminate\\Pipeline\\Pipeline.php(325): Illuminate\\Routing\\Middleware\\SubstituteBindings->handle(Object(Illuminate\\Http\\Request), Object(Closure))
#18 F:\\laragon\\www\\SunproPrivado\\vendor\\laravel\\framework\\src\\Illuminate\\Routing\\Pipeline.php(105): Illuminate\\Pipeline\\Pipeline->Illuminate\\Pipeline\\{closure}(Object(Illuminate\\Http\\Request))
#19 F:\\laragon\\www\\SunproPrivado\\vendor\\laravel\\framework\\src\\Illuminate\\Foundation\\Http\\Middleware\\VerifyCsrfToken.php(149): Illuminate\\Routing\\Pipeline->Illuminate\\Routing\\{closure}(Object(Illuminate\\Http\\Request))
#20 F:\\laragon\\www\\SunproPrivado\\vendor\\laravel\\framework\\src\\Illuminate\\Pipeline\\Pipeline.php(325): Illuminate\\Foundation\\Http\\Middleware\\VerifyCsrfToken->handle(Object(Illuminate\\Http\\Request), Object(Closure))
#21 F:\\laragon\\www\\SunproPrivado\\vendor\\laravel\\framework\\src\\Illuminate\\Routing\\Pipeline.php(105): Illuminate\\Pipeline\\Pipeline->Illuminate\\Pipeline\\{closure}(Object(Illuminate\\Http\\Request))
#22 F:\\laragon\\www\\SunproPrivado\\vendor\\laravel\\framework\\src\\Illuminate\\View\\Middleware\\ShareErrorsFromSession.php(97): Illuminate\\Routing\\Pipeline->Illuminate\\Routing\\{closure}(Object(Illuminate\\Http\\Request))
#23 F:\\laragon\\www\\SunproPrivado\\vendor\\laravel\\framework\\src\\Illuminate\\Pipeline\\Pipeline.php(325): Illuminate\\View\\Middleware\\ShareErrorsFromSession->handle(Object(Illuminate\\Http\\Request), Object(Closure))
#24 F:\\laragon\\www\\SunproPrivado\\vendor\\laravel\\framework\\src\\Illuminate\\Routing\\Pipeline.php(105): Illuminate\\Pipeline\\Pipeline->Illuminate\\Pipeline\\{closure}(Object(Illuminate\\Http\\Request))
#25 F:\\laragon\\www\\SunproPrivado\\vendor\\laravel\\framework\\src\\Illuminate\\Session\\Middleware\\StartSession.php(111): Illuminate\\Routing\\Pipeline->Illuminate\\Routing\\{closure}(Object(Illuminate\\Http\\Request))
#26 F:\\laragon\\www\\SunproPrivado\\vendor\\laravel\\framework\\src\\Illuminate\\Pipeline\\Pipeline.php(325): Illuminate\\Session\\Middleware\\StartSession->handle(Object(Illuminate\\Http\\Request), Object(Closure))
#27 F:\\laragon\\www\\SunproPrivado\\vendor\\laravel\\framework\\src\\Illuminate\\Routing\\Pipeline.php(105): Illuminate\\Pipeline\\Pipeline->Illuminate\\Pipeline\\{closure}(Object(Illuminate\\Http\\Request))
#28 F:\\laragon\\www\\SunproPrivado\\vendor\\laravel\\framework\\src\\Illuminate\\Cookie\\Middleware\\AddQueuedCookiesToResponse.php(73): Illuminate\\Routing\\Pipeline->Illuminate\\Routing\\{closure}(Object(Illuminate\\Http\\Request))
#29 F:\\laragon\\www\\SunproPrivado\\vendor\\laravel\\framework\\src\\Illuminate\\Pipeline\\Pipeline.php(325): Illuminate\\Cookie\\Middleware\\AddQueuedCookiesToResponse->handle(Object(Illuminate\\Http\\Request), Object(Closure))
#30 F:\\laragon\\www\\SunproPrivado\\vendor\\laravel\\framework\\src\\Illuminate\\Routing\\Pipeline.php(105): Illuminate\\Pipeline\\Pipeline->Illuminate\\Pipeline\\{closure}(Object(Illuminate\\Http\\Request))
#31 F:\\laragon\\www\\SunproPrivado\\vendor\\laravel\\framework\\src\\Illuminate\\Cookie\\Middleware\\EncryptCookies.php(131): Illuminate\\Routing\\Pipeline->Illuminate\\Routing\\{closure}(Object(Illuminate\\Http\\Request))
#32 F:\\laragon\\www\\SunproPrivado\\vendor\\laravel\\framework\\src\\Illuminate\\Pipeline\\Pipeline.php(325): Illuminate\\Cookie\\Middleware\\EncryptCookies->handle(Object(Illuminate\\Http\\Request), Object(Closure))
#33 F:\\laragon\\www\\SunproPrivado\\vendor\\laravel\\framework\\src\\Illuminate\\Routing\\Pipeline.php(105): Illuminate\\Pipeline\\Pipeline->Illuminate\\Pipeline\\{closure}(Object(Illuminate\\Http\\Request))
#34 F:\\laragon\\www\\SunproPrivado\\vendor\\laravel\\framework\\src\\Illuminate\\Pipeline\\Pipeline.php(207): Illuminate\\Routing\\Pipeline->Illuminate\\Routing\\{closure}(Object(Illuminate\\Http\\Request))
#35 F:\\laragon\\www\\SunproPrivado\\vendor\\laravel\\framework\\src\\Illuminate\\Routing\\Router.php(1363): Illuminate\\Pipeline\\Pipeline->then(Object(Closure))
#36 F:\\laragon\\www\\SunproPrivado\\vendor\\laravel\\framework\\src\\Illuminate\\Routing\\Router.php(1313): Illuminate\\Routing\\Router->runRouteWithinStack(Object(Illuminate\\Routing\\Route), Object(Illuminate\\Http\\Request))
#37 F:\\laragon\\www\\SunproPrivado\\vendor\\laravel\\framework\\src\\Illuminate\\Routing\\Router.php(1245): Illuminate\\Routing\\Router->runRoute(Object(Illuminate\\Http\\Request), Object(Illuminate\\Routing\\Route))
#38 F:\\laragon\\www\\SunproPrivado\\vendor\\laravel\\framework\\src\\Illuminate\\Routing\\Router.php(1223): Illuminate\\Routing\\Router->dispatchToRoute(Object(Illuminate\\Http\\Request))
#39 F:\\laragon\\www\\SunproPrivado\\vendor\\laravel\\framework\\src\\Illuminate\\Foundation\\Http\\Kernel.php(351): Illuminate\\Routing\\Router->dispatch(Object(Illuminate\\Http\\Request))
#40 F:\\laragon\\www\\SunproPrivado\\vendor\\laravel\\framework\\src\\Illuminate\\Routing\\Pipeline.php(59): Illuminate\\Foundation\\Http\\Kernel->Illuminate\\Foundation\\Http\\{closure}(Object(Illuminate\\Http\\Request))
#41 F:\\laragon\\www\\SunproPrivado\\vendor\\laravel\\framework\\src\\Illuminate\\Foundation\\Http\\Middleware\\TransformsRequest.php(41): Illuminate\\Routing\\Pipeline->Illuminate\\Routing\\{closure}(Object(Illuminate\\Http\\Request))
#42 F:\\laragon\\www\\SunproPrivado\\vendor\\laravel\\framework\\src\\Illuminate\\Pipeline\\Pipeline.php(325): Illuminate\\Foundation\\Http\\Middleware\\TransformsRequest->handle(Object(Illuminate\\Http\\Request), Object(Closure))
#43 F:\\laragon\\www\\SunproPrivado\\vendor\\laravel\\framework\\src\\Illuminate\\Routing\\Pipeline.php(105): Illuminate\\Pipeline\\Pipeline->Illuminate\\Pipeline\\{closure}(Object(Illuminate\\Http\\Request))
#44 F:\\laragon\\www\\SunproPrivado\\vendor\\laravel\\framework\\src\\Illuminate\\Foundation\\Http\\Middleware\\TransformsRequest.php(41): Illuminate\\Routing\\Pipeline->Illuminate\\Routing\\{closure}(Object(Illuminate\\Http\\Request))
#45 F:\\laragon\\www\\SunproPrivado\\vendor\\laravel\\framework\\src\\Illuminate\\Pipeline\\Pipeline.php(325): Illuminate\\Foundation\\Http\\Middleware\\TransformsRequest->handle(Object(Illuminate\\Http\\Request), Object(Closure))
#46 F:\\laragon\\www\\SunproPrivado\\vendor\\laravel\\framework\\src\\Illuminate\\Routing\\Pipeline.php(105): Illuminate\\Pipeline\\Pipeline->Illuminate\\Pipeline\\{closure}(Object(Illuminate\\Http\\Request))
#47 F:\\laragon\\www\\SunproPrivado\\vendor\\laravel\\framework\\src\\Illuminate\\Foundation\\Http\\Middleware\\ValidatePostSize.php(53): Illuminate\\Routing\\Pipeline->Illuminate\\Routing\\{closure}(Object(Illuminate\\Http\\Request))
#48 F:\\laragon\\www\\SunproPrivado\\vendor\\laravel\\framework\\src\\Illuminate\\Pipeline\\Pipeline.php(325): Illuminate\\Foundation\\Http\\Middleware\\ValidatePostSize->handle(Object(Illuminate\\Http\\Request), Object(Closure))
#49 F:\\laragon\\www\\SunproPrivado\\vendor\\laravel\\framework\\src\\Illuminate\\Routing\\Pipeline.php(105): Illuminate\\Pipeline\\Pipeline->Illuminate\\Pipeline\\{closure}(Object(Illuminate\\Http\\Request))
#50 F:\\laragon\\www\\SunproPrivado\\vendor\\laravel\\framework\\src\\Illuminate\\Foundation\\Http\\Middleware\\CheckForMaintenanceMode.php(123): Illuminate\\Routing\\Pipeline->Illuminate\\Routing\\{closure}(Object(Illuminate\\Http\\Request))
#51 F:\\laragon\\www\\SunproPrivado\\vendor\\laravel\\framework\\src\\Illuminate\\Pipeline\\Pipeline.php(325): Illuminate\\Foundation\\Http\\Middleware\\CheckForMaintenanceMode->handle(Object(Illuminate\\Http\\Request), Object(Closure))
#52 F:\\laragon\\www\\SunproPrivado\\vendor\\laravel\\framework\\src\\Illuminate\\Routing\\Pipeline.php(105): Illuminate\\Pipeline\\Pipeline->Illuminate\\Pipeline\\{closure}(Object(Illuminate\\Http\\Request))
#53 F:\\laragon\\www\\SunproPrivado\\vendor\\fideloper\\proxy\\src\\TrustProxies.php(113): Illuminate\\Routing\\Pipeline->Illuminate\\Routing\\{closure}(Object(Illuminate\\Http\\Request))
#54 F:\\laragon\\www\\SunproPrivado\\vendor\\laravel\\framework\\src\\Illuminate\\Pipeline\\Pipeline.php(325): Fideloper\\Proxy\\TrustProxies->handle(Object(Illuminate\\Http\\Request), Object(Closure))
#55 F:\\laragon\\www\\SunproPrivado\\vendor\\laravel\\framework\\src\\Illuminate\\Routing\\Pipeline.php(105): Illuminate\\Pipeline\\Pipeline->Illuminate\\Pipeline\\{closure}(Object(Illuminate\\Http\\Request))
#56 F:\\laragon\\www\\SunproPrivado\\vendor\\laravel\\framework\\src\\Illuminate\\Pipeline\\Pipeline.php(207): Illuminate\\Routing\\Pipeline->Illuminate\\Routing\\{closure}(Object(Illuminate\\Http\\Request))
#57 F:\\laragon\\www\\SunproPrivado\\vendor\\laravel\\framework\\src\\Illuminate\\Foundation\\Http\\Kernel.php(301): Illuminate\\Pipeline\\Pipeline->then(Object(Closure))
#58 F:\\laragon\\www\\SunproPrivado\\vendor\\laravel\\framework\\src\\Illuminate\\Foundation\\Http\\Kernel.php(231): Illuminate\\Foundation\\Http\\Kernel->sendRequestThroughRouter(Object(Illuminate\\Http\\Request))
#59 F:\\laragon\\www\\SunproPrivado\\public\\index.php(55): Illuminate\\Foundation\\Http\\Kernel->handle(Object(Illuminate\\Http\\Request))
#60 F:\\laragon\\www\\SunproPrivado\\server.php(41): require_once('F:\\\\laragon\\\\www\\\\...')
#61 {main}
"} 
[2021-11-18 07:44:12] local.ERROR: SQLSTATE[HY000] [2002] No se puede establecer una conexión ya que el equipo de destino denegó expresamente dicha conexión.
 (SQL: select * , count("codigo") as art from `articulos` where `oferta` = SI group by `grupo`) {"exception":"[object] (Illuminate\\Database\\QueryException(code: 2002): SQLSTATE[HY000] [2002] No se puede establecer una conexión ya que el equipo de destino denegó expresamente dicha conexión.
 (SQL: select * , count(\"codigo\") as art from `articulos` where `oferta` = SI group by `grupo`) at F:\\laragon\\www\\SunproPrivado\\vendor\\laravel\\framework\\src\\Illuminate\\Database\\Connection.php:1327, PDOException(code: 2002): SQLSTATE[HY000] [2002] No se puede establecer una conexión ya que el equipo de destino denegó expresamente dicha conexión.
 at F:\\laragon\\www\\SunproPrivado\\vendor\\laravel\\framework\\src\\Illuminate\\Database\\Connectors\\Connector.php:139)
[stacktrace]
#0 F:\\laragon\\www\\SunproPrivado\\vendor\\laravel\\framework\\src\\Illuminate\\Database\\Connection.php(1247): Illuminate\\Database\\Connection->runQueryCallback('select * , coun...', Array, Object(Closure))
#1 F:\\laragon\\www\\SunproPrivado\\vendor\\laravel\\framework\\src\\Illuminate\\Database\\Connection.php(665): Illuminate\\Database\\Connection->run('select * , coun...', Array, Object(Closure))
#2 F:\\laragon\\www\\SunproPrivado\\vendor\\laravel\\framework\\src\\Illuminate\\Database\\Query\\Builder.php(4259): Illuminate\\Database\\Connection->select('select * , coun...', Array, true)
#3 F:\\laragon\\www\\SunproPrivado\\vendor\\laravel\\framework\\src\\Illuminate\\Database\\Query\\Builder.php(4235): Illuminate\\Database\\Query\\Builder->runSelect()
#4 F:\\laragon\\www\\SunproPrivado\\vendor\\laravel\\framework\\src\\Illuminate\\Database\\Query\\Builder.php(5207): Illuminate\\Database\\Query\\Builder->Illuminate\\Database\\Query\\{closure}()
#5 F:\\laragon\\www\\SunproPrivado\\vendor\\laravel\\framework\\src\\Illuminate\\Database\\Query\\Builder.php(4237): Illuminate\\Database\\Query\\Builder->onceWithColumns(Array, Object(Closure))
#6 F:\\laragon\\www\\SunproPrivado\\vendor\\laravel\\framework\\src\\Illuminate\\Database\\Eloquent\\Builder.php(1041): Illuminate\\Database\\Query\\Builder->get(Array)
#7 F:\\laragon\\www\\SunproPrivado\\vendor\\laravel\\framework\\src\\Illuminate\\Database\\Eloquent\\Builder.php(1009): Illuminate\\Database\\Eloquent\\Builder->getModels(Array)
#8 F:\\laragon\\www\\SunproPrivado\\app\\Http\\Controllers\\FrontController.php(51): Illuminate\\Database\\Eloquent\\Builder->get()
#9 [internal function]: App\\Http\\Controllers\\FrontController->index()
#10 F:\\laragon\\www\\SunproPrivado\\vendor\\laravel\\framework\\src\\Illuminate\\Routing\\Controller.php(107): call_user_func_array(Array, Array)
#11 F:\\laragon\\www\\SunproPrivado\\vendor\\laravel\\framework\\src\\Illuminate\\Routing\\ControllerDispatcher.php(89): Illuminate\\Routing\\Controller->callAction('index', Array)
#12 F:\\laragon\\www\\SunproPrivado\\vendor\\laravel\\framework\\src\\Illuminate\\Routing\\Route.php(437): Illuminate\\Routing\\ControllerDispatcher->dispatch(Object(Illuminate\\Routing\\Route), Object(App\\Http\\Controllers\\FrontController), 'index')
#13 F:\\laragon\\www\\SunproPrivado\\vendor\\laravel\\framework\\src\\Illuminate\\Routing\\Route.php(351): Illuminate\\Routing\\Route->runController()
#14 F:\\laragon\\www\\SunproPrivado\\vendor\\laravel\\framework\\src\\Illuminate\\Routing\\Router.php(1359): Illuminate\\Routing\\Route->run()
#15 F:\\laragon\\www\\SunproPrivado\\vendor\\laravel\\framework\\src\\Illuminate\\Routing\\Pipeline.php(59): Illuminate\\Routing\\Router->Illuminate\\Routing\\{closure}(Object(Illuminate\\Http\\Request))
#16 F:\\laragon\\www\\SunproPrivado\\vendor\\laravel\\framework\\src\\Illuminate\\Routing\\Middleware\\SubstituteBindings.php(81): Illuminate\\Routing\\Pipeline->Illuminate\\Routing\\{closure}(Object(Illuminate\\Http\\Request))
#17 F:\\laragon\\www\\SunproPrivado\\vendor\\laravel\\framework\\src\\Illuminate\\Pipeline\\Pipeline.php(325): Illuminate\\Routing\\Middleware\\SubstituteBindings->handle(Object(Illuminate\\Http\\Request), Object(Closure))
#18 F:\\laragon\\www\\SunproPrivado\\vendor\\laravel\\framework\\src\\Illuminate\\Routing\\Pipeline.php(105): Illuminate\\Pipeline\\Pipeline->Illuminate\\Pipeline\\{closure}(Object(Illuminate\\Http\\Request))
#19 F:\\laragon\\www\\SunproPrivado\\vendor\\laravel\\framework\\src\\Illuminate\\Foundation\\Http\\Middleware\\VerifyCsrfToken.php(149): Illuminate\\Routing\\Pipeline->Illuminate\\Routing\\{closure}(Object(Illuminate\\Http\\Request))
#20 F:\\laragon\\www\\SunproPrivado\\vendor\\laravel\\framework\\src\\Illuminate\\Pipeline\\Pipeline.php(325): Illuminate\\Foundation\\Http\\Middleware\\VerifyCsrfToken->handle(Object(Illuminate\\Http\\Request), Object(Closure))
#21 F:\\laragon\\www\\SunproPrivado\\vendor\\laravel\\framework\\src\\Illuminate\\Routing\\Pipeline.php(105): Illuminate\\Pipeline\\Pipeline->Illuminate\\Pipeline\\{closure}(Object(Illuminate\\Http\\Request))
#22 F:\\laragon\\www\\SunproPrivado\\vendor\\laravel\\framework\\src\\Illuminate\\View\\Middleware\\ShareErrorsFromSession.php(97): Illuminate\\Routing\\Pipeline->Illuminate\\Routing\\{closure}(Object(Illuminate\\Http\\Request))
#23 F:\\laragon\\www\\SunproPrivado\\vendor\\laravel\\framework\\src\\Illuminate\\Pipeline\\Pipeline.php(325): Illuminate\\View\\Middleware\\ShareErrorsFromSession->handle(Object(Illuminate\\Http\\Request), Object(Closure))
#24 F:\\laragon\\www\\SunproPrivado\\vendor\\laravel\\framework\\src\\Illuminate\\Routing\\Pipeline.php(105): Illuminate\\Pipeline\\Pipeline->Illuminate\\Pipeline\\{closure}(Object(Illuminate\\Http\\Request))
#25 F:\\laragon\\www\\SunproPrivado\\vendor\\laravel\\framework\\src\\Illuminate\\Session\\Middleware\\StartSession.php(111): Illuminate\\Routing\\Pipeline->Illuminate\\Routing\\{closure}(Object(Illuminate\\Http\\Request))
#26 F:\\laragon\\www\\SunproPrivado\\vendor\\laravel\\framework\\src\\Illuminate\\Pipeline\\Pipeline.php(325): Illuminate\\Session\\Middleware\\StartSession->handle(Object(Illuminate\\Http\\Request), Object(Closure))
#27 F:\\laragon\\www\\SunproPrivado\\vendor\\laravel\\framework\\src\\Illuminate\\Routing\\Pipeline.php(105): Illuminate\\Pipeline\\Pipeline->Illuminate\\Pipeline\\{closure}(Object(Illuminate\\Http\\Request))
#28 F:\\laragon\\www\\SunproPrivado\\vendor\\laravel\\framework\\src\\Illuminate\\Cookie\\Middleware\\AddQueuedCookiesToResponse.php(73): Illuminate\\Routing\\Pipeline->Illuminate\\Routing\\{closure}(Object(Illuminate\\Http\\Request))
#29 F:\\laragon\\www\\SunproPrivado\\vendor\\laravel\\framework\\src\\Illuminate\\Pipeline\\Pipeline.php(325): Illuminate\\Cookie\\Middleware\\AddQueuedCookiesToResponse->handle(Object(Illuminate\\Http\\Request), Object(Closure))
#30 F:\\laragon\\www\\SunproPrivado\\vendor\\laravel\\framework\\src\\Illuminate\\Routing\\Pipeline.php(105): Illuminate\\Pipeline\\Pipeline->Illuminate\\Pipeline\\{closure}(Object(Illuminate\\Http\\Request))
#31 F:\\laragon\\www\\SunproPrivado\\vendor\\laravel\\framework\\src\\Illuminate\\Cookie\\Middleware\\EncryptCookies.php(131): Illuminate\\Routing\\Pipeline->Illuminate\\Routing\\{closure}(Object(Illuminate\\Http\\Request))
#32 F:\\laragon\\www\\SunproPrivado\\vendor\\laravel\\framework\\src\\Illuminate\\Pipeline\\Pipeline.php(325): Illuminate\\Cookie\\Middleware\\EncryptCookies->handle(Object(Illuminate\\Http\\Request), Object(Closure))
#33 F:\\laragon\\www\\SunproPrivado\\vendor\\laravel\\framework\\src\\Illuminate\\Routing\\Pipeline.php(105): Illuminate\\Pipeline\\Pipeline->Illuminate\\Pipeline\\{closure}(Object(Illuminate\\Http\\Request))
#34 F:\\laragon\\www\\SunproPrivado\\vendor\\laravel\\framework\\src\\Illuminate\\Pipeline\\Pipeline.php(207): Illuminate\\Routing\\Pipeline->Illuminate\\Routing\\{closure}(Object(Illuminate\\Http\\Request))
#35 F:\\laragon\\www\\SunproPrivado\\vendor\\laravel\\framework\\src\\Illuminate\\Routing\\Router.php(1363): Illuminate\\Pipeline\\Pipeline->then(Object(Closure))
#36 F:\\laragon\\www\\SunproPrivado\\vendor\\laravel\\framework\\src\\Illuminate\\Routing\\Router.php(1313): Illuminate\\Routing\\Router->runRouteWithinStack(Object(Illuminate\\Routing\\Route), Object(Illuminate\\Http\\Request))
#37 F:\\laragon\\www\\SunproPrivado\\vendor\\laravel\\framework\\src\\Illuminate\\Routing\\Router.php(1245): Illuminate\\Routing\\Router->runRoute(Object(Illuminate\\Http\\Request), Object(Illuminate\\Routing\\Route))
#38 F:\\laragon\\www\\SunproPrivado\\vendor\\laravel\\framework\\src\\Illuminate\\Routing\\Router.php(1223): Illuminate\\Routing\\Router->dispatchToRoute(Object(Illuminate\\Http\\Request))
#39 F:\\laragon\\www\\SunproPrivado\\vendor\\laravel\\framework\\src\\Illuminate\\Foundation\\Http\\Kernel.php(351): Illuminate\\Routing\\Router->dispatch(Object(Illuminate\\Http\\Request))
#40 F:\\laragon\\www\\SunproPrivado\\vendor\\laravel\\framework\\src\\Illuminate\\Routing\\Pipeline.php(59): Illuminate\\Foundation\\Http\\Kernel->Illuminate\\Foundation\\Http\\{closure}(Object(Illuminate\\Http\\Request))
#41 F:\\laragon\\www\\SunproPrivado\\vendor\\laravel\\framework\\src\\Illuminate\\Foundation\\Http\\Middleware\\TransformsRequest.php(41): Illuminate\\Routing\\Pipeline->Illuminate\\Routing\\{closure}(Object(Illuminate\\Http\\Request))
#42 F:\\laragon\\www\\SunproPrivado\\vendor\\laravel\\framework\\src\\Illuminate\\Pipeline\\Pipeline.php(325): Illuminate\\Foundation\\Http\\Middleware\\TransformsRequest->handle(Object(Illuminate\\Http\\Request), Object(Closure))
#43 F:\\laragon\\www\\SunproPrivado\\vendor\\laravel\\framework\\src\\Illuminate\\Routing\\Pipeline.php(105): Illuminate\\Pipeline\\Pipeline->Illuminate\\Pipeline\\{closure}(Object(Illuminate\\Http\\Request))
#44 F:\\laragon\\www\\SunproPrivado\\vendor\\laravel\\framework\\src\\Illuminate\\Foundation\\Http\\Middleware\\TransformsRequest.php(41): Illuminate\\Routing\\Pipeline->Illuminate\\Routing\\{closure}(Object(Illuminate\\Http\\Request))
#45 F:\\laragon\\www\\SunproPrivado\\vendor\\laravel\\framework\\src\\Illuminate\\Pipeline\\Pipeline.php(325): Illuminate\\Foundation\\Http\\Middleware\\TransformsRequest->handle(Object(Illuminate\\Http\\Request), Object(Closure))
#46 F:\\laragon\\www\\SunproPrivado\\vendor\\laravel\\framework\\src\\Illuminate\\Routing\\Pipeline.php(105): Illuminate\\Pipeline\\Pipeline->Illuminate\\Pipeline\\{closure}(Object(Illuminate\\Http\\Request))
#47 F:\\laragon\\www\\SunproPrivado\\vendor\\laravel\\framework\\src\\Illuminate\\Foundation\\Http\\Middleware\\ValidatePostSize.php(53): Illuminate\\Routing\\Pipeline->Illuminate\\Routing\\{closure}(Object(Illuminate\\Http\\Request))
#48 F:\\laragon\\www\\SunproPrivado\\vendor\\laravel\\framework\\src\\Illuminate\\Pipeline\\Pipeline.php(325): Illuminate\\Foundation\\Http\\Middleware\\ValidatePostSize->handle(Object(Illuminate\\Http\\Request), Object(Closure))
#49 F:\\laragon\\www\\SunproPrivado\\vendor\\laravel\\framework\\src\\Illuminate\\Routing\\Pipeline.php(105): Illuminate\\Pipeline\\Pipeline->Illuminate\\Pipeline\\{closure}(Object(Illuminate\\Http\\Request))
#50 F:\\laragon\\www\\SunproPrivado\\vendor\\laravel\\framework\\src\\Illuminate\\Foundation\\Http\\Middleware\\CheckForMaintenanceMode.php(123): Illuminate\\Routing\\Pipeline->Illuminate\\Routing\\{closure}(Object(Illuminate\\Http\\Request))
#51 F:\\laragon\\www\\SunproPrivado\\vendor\\laravel\\framework\\src\\Illuminate\\Pipeline\\Pipeline.php(325): Illuminate\\Foundation\\Http\\Middleware\\CheckForMaintenanceMode->handle(Object(Illuminate\\Http\\Request), Object(Closure))
#52 F:\\laragon\\www\\SunproPrivado\\vendor\\laravel\\framework\\src\\Illuminate\\Routing\\Pipeline.php(105): Illuminate\\Pipeline\\Pipeline->Illuminate\\Pipeline\\{closure}(Object(Illuminate\\Http\\Request))
#53 F:\\laragon\\www\\SunproPrivado\\vendor\\fideloper\\proxy\\src\\TrustProxies.php(113): Illuminate\\Routing\\Pipeline->Illuminate\\Routing\\{closure}(Object(Illuminate\\Http\\Request))
#54 F:\\laragon\\www\\SunproPrivado\\vendor\\laravel\\framework\\src\\Illuminate\\Pipeline\\Pipeline.php(325): Fideloper\\Proxy\\TrustProxies->handle(Object(Illuminate\\Http\\Request), Object(Closure))
#55 F:\\laragon\\www\\SunproPrivado\\vendor\\laravel\\framework\\src\\Illuminate\\Routing\\Pipeline.php(105): Illuminate\\Pipeline\\Pipeline->Illuminate\\Pipeline\\{closure}(Object(Illuminate\\Http\\Request))
#56 F:\\laragon\\www\\SunproPrivado\\vendor\\laravel\\framework\\src\\Illuminate\\Pipeline\\Pipeline.php(207): Illuminate\\Routing\\Pipeline->Illuminate\\Routing\\{closure}(Object(Illuminate\\Http\\Request))
#57 F:\\laragon\\www\\SunproPrivado\\vendor\\laravel\\framework\\src\\Illuminate\\Foundation\\Http\\Kernel.php(301): Illuminate\\Pipeline\\Pipeline->then(Object(Closure))
#58 F:\\laragon\\www\\SunproPrivado\\vendor\\laravel\\framework\\src\\Illuminate\\Foundation\\Http\\Kernel.php(231): Illuminate\\Foundation\\Http\\Kernel->sendRequestThroughRouter(Object(Illuminate\\Http\\Request))
#59 F:\\laragon\\www\\SunproPrivado\\public\\index.php(55): Illuminate\\Foundation\\Http\\Kernel->handle(Object(Illuminate\\Http\\Request))
#60 F:\\laragon\\www\\SunproPrivado\\server.php(41): require_once('F:\\\\laragon\\\\www\\\\...')
#61 {main}
"} 
[2021-11-18 10:00:02] local.ERROR: View [front.clientes.incidencias.crear] not found. {"userId":2636,"exception":"[object] (InvalidArgumentException(code: 0): View [front.clientes.incidencias.crear] not found. at F:\\laragon\\www\\SunproPrivado\\vendor\\laravel\\framework\\src\\Illuminate\\View\\FileViewFinder.php:273)
[stacktrace]
#0 F:\\laragon\\www\\SunproPrivado\\vendor\\laravel\\framework\\src\\Illuminate\\View\\FileViewFinder.php(157): Illuminate\\View\\FileViewFinder->findInPaths('front.clientes....', Array)
#1 F:\\laragon\\www\\SunproPrivado\\vendor\\laravel\\framework\\src\\Illuminate\\View\\Factory.php(261): Illuminate\\View\\FileViewFinder->find('front.clientes....')
#2 F:\\laragon\\www\\SunproPrivado\\vendor\\laravel\\framework\\src\\Illuminate\\Foundation\\helpers.php(1941): Illuminate\\View\\Factory->make('front.clientes....', Array, Array)
#3 F:\\laragon\\www\\SunproPrivado\\app\\Http\\Controllers\\Incidencia\\IncidenciaController.php(31): view('front.clientes....')
#4 [internal function]: App\\Http\\Controllers\\Incidencia\\IncidenciaController->create()
#5 F:\\laragon\\www\\SunproPrivado\\vendor\\laravel\\framework\\src\\Illuminate\\Routing\\Controller.php(107): call_user_func_array(Array, Array)
#6 F:\\laragon\\www\\SunproPrivado\\vendor\\laravel\\framework\\src\\Illuminate\\Routing\\ControllerDispatcher.php(89): Illuminate\\Routing\\Controller->callAction('create', Array)
#7 F:\\laragon\\www\\SunproPrivado\\vendor\\laravel\\framework\\src\\Illuminate\\Routing\\Route.php(437): Illuminate\\Routing\\ControllerDispatcher->dispatch(Object(Illuminate\\Routing\\Route), Object(App\\Http\\Controllers\\Incidencia\\IncidenciaController), 'create')
#8 F:\\laragon\\www\\SunproPrivado\\vendor\\laravel\\framework\\src\\Illuminate\\Routing\\Route.php(351): Illuminate\\Routing\\Route->runController()
#9 F:\\laragon\\www\\SunproPrivado\\vendor\\laravel\\framework\\src\\Illuminate\\Routing\\Router.php(1359): Illuminate\\Routing\\Route->run()
#10 F:\\laragon\\www\\SunproPrivado\\vendor\\laravel\\framework\\src\\Illuminate\\Routing\\Pipeline.php(59): Illuminate\\Routing\\Router->Illuminate\\Routing\\{closure}(Object(Illuminate\\Http\\Request))
#11 F:\\laragon\\www\\SunproPrivado\\app\\Http\\Middleware\\EsCliente.php(41): Illuminate\\Routing\\Pipeline->Illuminate\\Routing\\{closure}(Object(Illuminate\\Http\\Request))
#12 F:\\laragon\\www\\SunproPrivado\\vendor\\laravel\\framework\\src\\Illuminate\\Pipeline\\Pipeline.php(325): App\\Http\\Middleware\\EsCliente->handle(Object(Illuminate\\Http\\Request), Object(Closure))
#13 F:\\laragon\\www\\SunproPrivado\\vendor\\laravel\\framework\\src\\Illuminate\\Routing\\Pipeline.php(105): Illuminate\\Pipeline\\Pipeline->Illuminate\\Pipeline\\{closure}(Object(Illuminate\\Http\\Request))
#14 F:\\laragon\\www\\SunproPrivado\\vendor\\laravel\\framework\\src\\Illuminate\\Routing\\Middleware\\SubstituteBindings.php(81): Illuminate\\Routing\\Pipeline->Illuminate\\Routing\\{closure}(Object(Illuminate\\Http\\Request))
#15 F:\\laragon\\www\\SunproPrivado\\vendor\\laravel\\framework\\src\\Illuminate\\Pipeline\\Pipeline.php(325): Illuminate\\Routing\\Middleware\\SubstituteBindings->handle(Object(Illuminate\\Http\\Request), Object(Closure))
#16 F:\\laragon\\www\\SunproPrivado\\vendor\\laravel\\framework\\src\\Illuminate\\Routing\\Pipeline.php(105): Illuminate\\Pipeline\\Pipeline->Illuminate\\Pipeline\\{closure}(Object(Illuminate\\Http\\Request))
#17 F:\\laragon\\www\\SunproPrivado\\vendor\\laravel\\framework\\src\\Illuminate\\Foundation\\Http\\Middleware\\VerifyCsrfToken.php(149): Illuminate\\Routing\\Pipeline->Illuminate\\Routing\\{closure}(Object(Illuminate\\Http\\Request))
#18 F:\\laragon\\www\\SunproPrivado\\vendor\\laravel\\framework\\src\\Illuminate\\Pipeline\\Pipeline.php(325): Illuminate\\Foundation\\Http\\Middleware\\VerifyCsrfToken->handle(Object(Illuminate\\Http\\Request), Object(Closure))
#19 F:\\laragon\\www\\SunproPrivado\\vendor\\laravel\\framework\\src\\Illuminate\\Routing\\Pipeline.php(105): Illuminate\\Pipeline\\Pipeline->Illuminate\\Pipeline\\{closure}(Object(Illuminate\\Http\\Request))
#20 F:\\laragon\\www\\SunproPrivado\\vendor\\laravel\\framework\\src\\Illuminate\\View\\Middleware\\ShareErrorsFromSession.php(97): Illuminate\\Routing\\Pipeline->Illuminate\\Routing\\{closure}(Object(Illuminate\\Http\\Request))
#21 F:\\laragon\\www\\SunproPrivado\\vendor\\laravel\\framework\\src\\Illuminate\\Pipeline\\Pipeline.php(325): Illuminate\\View\\Middleware\\ShareErrorsFromSession->handle(Object(Illuminate\\Http\\Request), Object(Closure))
#22 F:\\laragon\\www\\SunproPrivado\\vendor\\laravel\\framework\\src\\Illuminate\\Routing\\Pipeline.php(105): Illuminate\\Pipeline\\Pipeline->Illuminate\\Pipeline\\{closure}(Object(Illuminate\\Http\\Request))
#23 F:\\laragon\\www\\SunproPrivado\\vendor\\laravel\\framework\\src\\Illuminate\\Session\\Middleware\\StartSession.php(111): Illuminate\\Routing\\Pipeline->Illuminate\\Routing\\{closure}(Object(Illuminate\\Http\\Request))
#24 F:\\laragon\\www\\SunproPrivado\\vendor\\laravel\\framework\\src\\Illuminate\\Pipeline\\Pipeline.php(325): Illuminate\\Session\\Middleware\\StartSession->handle(Object(Illuminate\\Http\\Request), Object(Closure))
#25 F:\\laragon\\www\\SunproPrivado\\vendor\\laravel\\framework\\src\\Illuminate\\Routing\\Pipeline.php(105): Illuminate\\Pipeline\\Pipeline->Illuminate\\Pipeline\\{closure}(Object(Illuminate\\Http\\Request))
#26 F:\\laragon\\www\\SunproPrivado\\vendor\\laravel\\framework\\src\\Illuminate\\Cookie\\Middleware\\AddQueuedCookiesToResponse.php(73): Illuminate\\Routing\\Pipeline->Illuminate\\Routing\\{closure}(Object(Illuminate\\Http\\Request))
#27 F:\\laragon\\www\\SunproPrivado\\vendor\\laravel\\framework\\src\\Illuminate\\Pipeline\\Pipeline.php(325): Illuminate\\Cookie\\Middleware\\AddQueuedCookiesToResponse->handle(Object(Illuminate\\Http\\Request), Object(Closure))
#28 F:\\laragon\\www\\SunproPrivado\\vendor\\laravel\\framework\\src\\Illuminate\\Routing\\Pipeline.php(105): Illuminate\\Pipeline\\Pipeline->Illuminate\\Pipeline\\{closure}(Object(Illuminate\\Http\\Request))
#29 F:\\laragon\\www\\SunproPrivado\\vendor\\laravel\\framework\\src\\Illuminate\\Cookie\\Middleware\\EncryptCookies.php(131): Illuminate\\Routing\\Pipeline->Illuminate\\Routing\\{closure}(Object(Illuminate\\Http\\Request))
#30 F:\\laragon\\www\\SunproPrivado\\vendor\\laravel\\framework\\src\\Illuminate\\Pipeline\\Pipeline.php(325): Illuminate\\Cookie\\Middleware\\EncryptCookies->handle(Object(Illuminate\\Http\\Request), Object(Closure))
#31 F:\\laragon\\www\\SunproPrivado\\vendor\\laravel\\framework\\src\\Illuminate\\Routing\\Pipeline.php(105): Illuminate\\Pipeline\\Pipeline->Illuminate\\Pipeline\\{closure}(Object(Illuminate\\Http\\Request))
#32 F:\\laragon\\www\\SunproPrivado\\vendor\\laravel\\framework\\src\\Illuminate\\Pipeline\\Pipeline.php(207): Illuminate\\Routing\\Pipeline->Illuminate\\Routing\\{closure}(Object(Illuminate\\Http\\Request))
#33 F:\\laragon\\www\\SunproPrivado\\vendor\\laravel\\framework\\src\\Illuminate\\Routing\\Router.php(1363): Illuminate\\Pipeline\\Pipeline->then(Object(Closure))
#34 F:\\laragon\\www\\SunproPrivado\\vendor\\laravel\\framework\\src\\Illuminate\\Routing\\Router.php(1313): Illuminate\\Routing\\Router->runRouteWithinStack(Object(Illuminate\\Routing\\Route), Object(Illuminate\\Http\\Request))
#35 F:\\laragon\\www\\SunproPrivado\\vendor\\laravel\\framework\\src\\Illuminate\\Routing\\Router.php(1245): Illuminate\\Routing\\Router->runRoute(Object(Illuminate\\Http\\Request), Object(Illuminate\\Routing\\Route))
#36 F:\\laragon\\www\\SunproPrivado\\vendor\\laravel\\framework\\src\\Illuminate\\Routing\\Router.php(1223): Illuminate\\Routing\\Router->dispatchToRoute(Object(Illuminate\\Http\\Request))
#37 F:\\laragon\\www\\SunproPrivado\\vendor\\laravel\\framework\\src\\Illuminate\\Foundation\\Http\\Kernel.php(351): Illuminate\\Routing\\Router->dispatch(Object(Illuminate\\Http\\Request))
#38 F:\\laragon\\www\\SunproPrivado\\vendor\\laravel\\framework\\src\\Illuminate\\Routing\\Pipeline.php(59): Illuminate\\Foundation\\Http\\Kernel->Illuminate\\Foundation\\Http\\{closure}(Object(Illuminate\\Http\\Request))
#39 F:\\laragon\\www\\SunproPrivado\\vendor\\laravel\\framework\\src\\Illuminate\\Foundation\\Http\\Middleware\\TransformsRequest.php(41): Illuminate\\Routing\\Pipeline->Illuminate\\Routing\\{closure}(Object(Illuminate\\Http\\Request))
#40 F:\\laragon\\www\\SunproPrivado\\vendor\\laravel\\framework\\src\\Illuminate\\Pipeline\\Pipeline.php(325): Illuminate\\Foundation\\Http\\Middleware\\TransformsRequest->handle(Object(Illuminate\\Http\\Request), Object(Closure))
#41 F:\\laragon\\www\\SunproPrivado\\vendor\\laravel\\framework\\src\\Illuminate\\Routing\\Pipeline.php(105): Illuminate\\Pipeline\\Pipeline->Illuminate\\Pipeline\\{closure}(Object(Illuminate\\Http\\Request))
#42 F:\\laragon\\www\\SunproPrivado\\vendor\\laravel\\framework\\src\\Illuminate\\Foundation\\Http\\Middleware\\TransformsRequest.php(41): Illuminate\\Routing\\Pipeline->Illuminate\\Routing\\{closure}(Object(Illuminate\\Http\\Request))
#43 F:\\laragon\\www\\SunproPrivado\\vendor\\laravel\\framework\\src\\Illuminate\\Pipeline\\Pipeline.php(325): Illuminate\\Foundation\\Http\\Middleware\\TransformsRequest->handle(Object(Illuminate\\Http\\Request), Object(Closure))
#44 F:\\laragon\\www\\SunproPrivado\\vendor\\laravel\\framework\\src\\Illuminate\\Routing\\Pipeline.php(105): Illuminate\\Pipeline\\Pipeline->Illuminate\\Pipeline\\{closure}(Object(Illuminate\\Http\\Request))
#45 F:\\laragon\\www\\SunproPrivado\\vendor\\laravel\\framework\\src\\Illuminate\\Foundation\\Http\\Middleware\\ValidatePostSize.php(53): Illuminate\\Routing\\Pipeline->Illuminate\\Routing\\{closure}(Object(Illuminate\\Http\\Request))
#46 F:\\laragon\\www\\SunproPrivado\\vendor\\laravel\\framework\\src\\Illuminate\\Pipeline\\Pipeline.php(325): Illuminate\\Foundation\\Http\\Middleware\\ValidatePostSize->handle(Object(Illuminate\\Http\\Request), Object(Closure))
#47 F:\\laragon\\www\\SunproPrivado\\vendor\\laravel\\framework\\src\\Illuminate\\Routing\\Pipeline.php(105): Illuminate\\Pipeline\\Pipeline->Illuminate\\Pipeline\\{closure}(Object(Illuminate\\Http\\Request))
#48 F:\\laragon\\www\\SunproPrivado\\vendor\\laravel\\framework\\src\\Illuminate\\Foundation\\Http\\Middleware\\CheckForMaintenanceMode.php(123): Illuminate\\Routing\\Pipeline->Illuminate\\Routing\\{closure}(Object(Illuminate\\Http\\Request))
#49 F:\\laragon\\www\\SunproPrivado\\vendor\\laravel\\framework\\src\\Illuminate\\Pipeline\\Pipeline.php(325): Illuminate\\Foundation\\Http\\Middleware\\CheckForMaintenanceMode->handle(Object(Illuminate\\Http\\Request), Object(Closure))
#50 F:\\laragon\\www\\SunproPrivado\\vendor\\laravel\\framework\\src\\Illuminate\\Routing\\Pipeline.php(105): Illuminate\\Pipeline\\Pipeline->Illuminate\\Pipeline\\{closure}(Object(Illuminate\\Http\\Request))
#51 F:\\laragon\\www\\SunproPrivado\\vendor\\fideloper\\proxy\\src\\TrustProxies.php(113): Illuminate\\Routing\\Pipeline->Illuminate\\Routing\\{closure}(Object(Illuminate\\Http\\Request))
#52 F:\\laragon\\www\\SunproPrivado\\vendor\\laravel\\framework\\src\\Illuminate\\Pipeline\\Pipeline.php(325): Fideloper\\Proxy\\TrustProxies->handle(Object(Illuminate\\Http\\Request), Object(Closure))
#53 F:\\laragon\\www\\SunproPrivado\\vendor\\laravel\\framework\\src\\Illuminate\\Routing\\Pipeline.php(105): Illuminate\\Pipeline\\Pipeline->Illuminate\\Pipeline\\{closure}(Object(Illuminate\\Http\\Request))
#54 F:\\laragon\\www\\SunproPrivado\\vendor\\laravel\\framework\\src\\Illuminate\\Pipeline\\Pipeline.php(207): Illuminate\\Routing\\Pipeline->Illuminate\\Routing\\{closure}(Object(Illuminate\\Http\\Request))
#55 F:\\laragon\\www\\SunproPrivado\\vendor\\laravel\\framework\\src\\Illuminate\\Foundation\\Http\\Kernel.php(301): Illuminate\\Pipeline\\Pipeline->then(Object(Closure))
#56 F:\\laragon\\www\\SunproPrivado\\vendor\\laravel\\framework\\src\\Illuminate\\Foundation\\Http\\Kernel.php(231): Illuminate\\Foundation\\Http\\Kernel->sendRequestThroughRouter(Object(Illuminate\\Http\\Request))
#57 F:\\laragon\\www\\SunproPrivado\\public\\index.php(55): Illuminate\\Foundation\\Http\\Kernel->handle(Object(Illuminate\\Http\\Request))
#58 F:\\laragon\\www\\SunproPrivado\\server.php(41): require_once('F:\\\\laragon\\\\www\\\\...')
#59 {main}
"} 
